[{"line":1,"elements":[{"line":3,"name":"","description":"","type":"background","keyword":"Background","steps":[{"result":{"error_message":"io.cucumber.core.exception.CucumberException: Failed to instantiate class tests.ItemsManagement_steps\n\tat io.cucumber.core.backend.DefaultObjectFactory.cacheNewInstance(DefaultObjectFactory.java:67)\n\tat io.cucumber.core.backend.DefaultObjectFactory.getInstance(DefaultObjectFactory.java:45)\n\tat io.cucumber.java.AbstractGlueDefinition.invokeMethod(AbstractGlueDefinition.java:47)\n\tat io.cucumber.java.JavaStepDefinition.execute(JavaStepDefinition.java:29)\n\tat io.cucumber.core.runner.CoreStepDefinition.execute(CoreStepDefinition.java:66)\n\tat io.cucumber.core.runner.PickleStepDefinitionMatch.runStep(PickleStepDefinitionMatch.java:63)\n\tat io.cucumber.core.runner.ExecutionMode$1.execute(ExecutionMode.java:10)\n\tat io.cucumber.core.runner.TestStep.executeStep(TestStep.java:84)\n\tat io.cucumber.core.runner.TestStep.run(TestStep.java:56)\n\tat io.cucumber.core.runner.PickleStepTestStep.run(PickleStepTestStep.java:51)\n\tat io.cucumber.core.runner.TestCase.run(TestCase.java:84)\n\tat io.cucumber.core.runner.Runner.runPickle(Runner.java:75)\n\tat io.cucumber.junit.PickleRunners$NoStepDescriptions.lambda$run$0(PickleRunners.java:151)\n\tat io.cucumber.core.runtime.CucumberExecutionContext.lambda$runTestCase$5(CucumberExecutionContext.java:137)\n\tat io.cucumber.core.runtime.RethrowingThrowableCollector.executeAndThrow(RethrowingThrowableCollector.java:23)\n\tat io.cucumber.core.runtime.CucumberExecutionContext.runTestCase(CucumberExecutionContext.java:137)\n\tat io.cucumber.junit.PickleRunners$NoStepDescriptions.run(PickleRunners.java:148)\n\tat io.cucumber.junit.FeatureRunner.runChild(FeatureRunner.java:144)\n\tat io.cucumber.junit.FeatureRunner.runChild(FeatureRunner.java:28)\n\tat org.junit.runners.ParentRunner$4.run(ParentRunner.java:331)\n\tat org.junit.runners.ParentRunner$1.schedule(ParentRunner.java:79)\n\tat org.junit.runners.ParentRunner.runChildren(ParentRunner.java:329)\n\tat org.junit.runners.ParentRunner.access$100(ParentRunner.java:66)\n\tat org.junit.runners.ParentRunner$2.evaluate(ParentRunner.java:293)\n\tat org.junit.runners.ParentRunner$3.evaluate(ParentRunner.java:306)\n\tat org.junit.runners.ParentRunner.run(ParentRunner.java:413)\n\tat io.cucumber.junit.FeatureRunner.run(FeatureRunner.java:137)\n\tat io.cucumber.junit.Cucumber.runChild(Cucumber.java:196)\n\tat io.cucumber.junit.Cucumber.runChild(Cucumber.java:89)\n\tat org.junit.runners.ParentRunner$4.run(ParentRunner.java:331)\n\tat org.junit.runners.ParentRunner$1.schedule(ParentRunner.java:79)\n\tat org.junit.runners.ParentRunner.runChildren(ParentRunner.java:329)\n\tat org.junit.runners.ParentRunner.access$100(ParentRunner.java:66)\n\tat org.junit.runners.ParentRunner$2.evaluate(ParentRunner.java:293)\n\tat io.cucumber.core.runtime.CucumberExecutionContext.lambda$runFeatures$6(CucumberExecutionContext.java:148)\n\tat io.cucumber.core.runtime.CucumberExecutionContext.execute(CucumberExecutionContext.java:163)\n\tat io.cucumber.core.runtime.CucumberExecutionContext.runFeatures(CucumberExecutionContext.java:146)\n\tat io.cucumber.junit.Cucumber$StartAndFinishTestRun.evaluate(Cucumber.java:226)\n\tat org.junit.runners.ParentRunner$3.evaluate(ParentRunner.java:306)\n\tat org.junit.runners.ParentRunner.run(ParentRunner.java:413)\n\tat org.eclipse.jdt.internal.junit4.runner.JUnit4TestReference.run(JUnit4TestReference.java:93)\n\tat org.eclipse.jdt.internal.junit.runner.TestExecution.run(TestExecution.java:40)\n\tat org.eclipse.jdt.internal.junit.runner.RemoteTestRunner.runTests(RemoteTestRunner.java:529)\n\tat org.eclipse.jdt.internal.junit.runner.RemoteTestRunner.runTests(RemoteTestRunner.java:756)\n\tat org.eclipse.jdt.internal.junit.runner.RemoteTestRunner.run(RemoteTestRunner.java:452)\n\tat org.eclipse.jdt.internal.junit.runner.RemoteTestRunner.main(RemoteTestRunner.java:210)\nCaused by: java.lang.reflect.InvocationTargetException\n\tat java.base/jdk.internal.reflect.NativeConstructorAccessorImpl.newInstance0(Native Method)\n\tat java.base/jdk.internal.reflect.NativeConstructorAccessorImpl.newInstance(NativeConstructorAccessorImpl.java:77)\n\tat java.base/jdk.internal.reflect.DelegatingConstructorAccessorImpl.newInstance(DelegatingConstructorAccessorImpl.java:45)\n\tat java.base/java.lang.reflect.Constructor.newInstanceWithCaller(Constructor.java:499)\n\tat java.base/java.lang.reflect.Constructor.newInstance(Constructor.java:480)\n\tat io.cucumber.core.backend.DefaultObjectFactory.cacheNewInstance(DefaultObjectFactory.java:53)\n\t... 45 more\nCaused by: java.lang.NullPointerException: Cannot invoke \"java.util.Properties.getProperty(String)\" because \"utils.TestDataReader.property\" is null\n\tat utils.TestDataReader.getProperty(TestDataReader.java:27)\n\tat utils.Driver.getDriver(Driver.java:22)\n\tat pages.LoginPage.<init>(LoginPage.java:16)\n\tat tests.ItemsManagement_steps.<init>(ItemsManagement_steps.java:21)\n\t... 51 more\n","duration":10916000,"status":"failed"},"line":4,"name":"As an entity user, I am logged in","match":{"location":"tests.ItemsManagement_steps.as_an_entity_user_i_am_logged_in()"},"keyword":"Given "},{"result":{"duration":1220000,"status":"skipped"},"line":5,"name":"I navigate to Items tab","match":{"location":"tests.ItemsManagement_steps.i_navigate_to_items_tab()"},"keyword":"And "}]},{"start_timestamp":"2023-10-05T23:44:08.892Z","line":20,"name":"As a user, I am able to update an item or a service","description":"","id":"items-management;as-a-user--i-am-able-to-update-an-item-or-a-service","type":"scenario","keyword":"Scenario","steps":[{"result":{"duration":81000,"status":"skipped"},"line":22,"name":"I click on the Add Item button","match":{"location":"tests.ItemsManagement_steps.i_click_on_the_add_item_button()"},"keyword":"When "},{"result":{"duration":36000,"status":"skipped"},"line":23,"name":"I should be on item input page","match":{"location":"tests.ItemsManagement_steps.i_should_be_on_item_input_page()"},"keyword":"And "},{"result":{"duration":43000,"status":"skipped"},"line":24,"name":"I provide item information  name \"coffe beans\", price \"1800\",unit \"pc\", and description \" very nice coffee mug\"","match":{},"keyword":"When "},{"result":{"duration":32000,"status":"skipped"},"line":25,"name":"I click save Item button","match":{},"keyword":"And "},{"result":{"duration":118000,"status":"skipped"},"line":26,"name":"The item is added to the item list table","match":{},"keyword":"Then "},{"result":{"duration":61000,"status":"skipped"},"line":27,"name":"I click on Edit button","match":{},"keyword":"When "},{"result":{"duration":45000,"status":"skipped"},"line":28,"name":"I should be on Edit items page","match":{},"keyword":"Then "},{"result":{"duration":47000,"status":"skipped"},"line":29,"name":"I update the items price to \"2200\"","match":{},"keyword":"When "},{"result":{"duration":52000,"status":"skipped"},"line":30,"name":"click on update item button","match":{},"keyword":"And "},{"result":{"duration":205000,"status":"skipped"},"line":31,"name":"Items price shoulb be update to \"2200\"","match":{},"keyword":"Then "},{"result":{"duration":58000,"status":"skipped"},"line":32,"name":"I delete the item","match":{"location":"tests.ItemsManagement_steps.i_delete_the_item()"},"keyword":"And "}],"tags":[{"name":"@editItem"}]}],"name":"Items Management","description":"","id":"items-management","keyword":"Feature","uri":"file:src/test/resources/features/itemsManagement.feature","tags":[]}]